<?xml version="1.0"?>
<testsuite name="PhantomJS 2.1.1 (Linux 0.0.0)" package="" timestamp="2016-02-29T20:18:54" id="0" hostname="nathan-laptop" tests="17" errors="0" failures="1" time="0.599">
  <properties>
    <property name="browser.fullName" value="Mozilla/5.0 (Unknown; Linux x86_64) AppleWebKit/538.1 (KHTML, like Gecko) PhantomJS/2.1.1 Safari/538.1"/>
  </properties>
  <testcase name="$scope.find() should create an array with at least one article object fetched from XHR" time="0.064" classname="PhantomJS_2_1_1_(Linux_0_0_0).MEAN controllers"/>
  <testcase name="$scope.findOne() should create an array with one article object fetched from XHR using a articleId URL parameter" time="0.029" classname="PhantomJS_2_1_1_(Linux_0_0_0).MEAN controllers"/>
  <testcase name="$scope.find() should list courses if server makes them available" time="0.035" classname="PhantomJS_2_1_1_(Linux_0_0_0).Courses front end controller"/>
  <testcase name="$scope.find() should list no courses if server returns nothing" time="0.027" classname="PhantomJS_2_1_1_(Linux_0_0_0).Courses front end controller"/>
  <testcase name="$scope.findOne() should find a course" time="0.027" classname="PhantomJS_2_1_1_(Linux_0_0_0).Courses front end controller"/>
  <testcase name="$scope.create() with valid form data should send a POST request with the form input values and then locate to new object URL" time="0.027" classname="PhantomJS_2_1_1_(Linux_0_0_0).Courses front end controller">
    <failure type="">TypeError: undefined is not an object (evaluating '$scope.course.title') in /home/nathan/code/Votee/Src/Web/packages/custom/courses/public/controllers/courses.js (line 9)
create@/home/nathan/code/Votee/Src/Web/packages/custom/courses/public/controllers/courses.js:9:2148
/home/nathan/code/Votee/Src/Web/packages/custom/courses/public/tests/courses.spec.js:190:29
</failure>
  </testcase>
  <testcase name="$scote.update() with valid form data should send a PUT request with the form input values and then locate to updated object URL" time="0.047" classname="PhantomJS_2_1_1_(Linux_0_0_0).Courses front end controller"/>
  <testcase name="$scope.remove() with valid form data should send a DELETE request with the form intput values and then locate to updated object URL" time="0.036" classname="PhantomJS_2_1_1_(Linux_0_0_0).Courses front end controller"/>
  <testcase name="canCreateCourses should return true if MeanUser is a professor and/or admin" time="0.018" classname="PhantomJS_2_1_1_(Linux_0_0_0).Courses front end controller"/>
  <testcase name="$scope.find() should find questions " time="0.021" classname="PhantomJS_2_1_1_(Linux_0_0_0).Questions front end controller"/>
  <testcase name="$scope.find() should list no questions if server returns nothing" time="0.063" classname="PhantomJS_2_1_1_(Linux_0_0_0).Questions front end controller"/>
  <testcase name="$scope.findOne() should create an array with one question object fetched from XHR using a questionID URL parameter" time="0.065" classname="PhantomJS_2_1_1_(Linux_0_0_0).Questions front end controller"/>
  <testcase name="$scope.create() with valid form data should send a POST request with the form input values and then locate to new object URL" time="0.03" classname="PhantomJS_2_1_1_(Linux_0_0_0).Questions front end controller"/>
  <testcase name="$scote.update() with valid form data should send a PUT request with the form input values and then locate to updated object URL" time="0.027" classname="PhantomJS_2_1_1_(Linux_0_0_0).Questions front end controller"/>
  <testcase name="$scope.remove() with valid form data should send a DELETE request with the form input values and then locate to updated object URL" time="0.027" classname="PhantomJS_2_1_1_(Linux_0_0_0).Questions front end controller"/>
  <testcase name="should expose some global scope" time="0.032" classname="PhantomJS_2_1_1_(Linux_0_0_0).voteeHome"/>
  <testcase name="Has a menu" time="0.024" classname="PhantomJS_2_1_1_(Linux_0_0_0).voteeHome"/>
  <system-out>
    <![CDATA[
]]>
  </system-out>
  <system-err/>
</testsuite>